\BOOKMARK [1][]{section.1}{\376\377\116\000\060\001\000\040\225\356\230\230\221\315\217\360}{}% 1
\BOOKMARK [2][]{subsection.1.1}{\376\377\0001\000.\0001\000\040\200\314\146\157\116\313\176\315}{section.1}% 2
\BOOKMARK [2][]{subsection.1.2}{\376\377\0001\000.\0002\000\040\225\356\230\230\116\313\176\315}{section.1}% 3
\BOOKMARK [1][]{section.2}{\376\377\116\214\060\001\000\040\225\356\230\230\122\006\147\220}{}% 4
\BOOKMARK [2][]{subsection.2.1}{\376\377\0002\000.\0001\000\040\225\356\230\230\116\000\166\204\122\006\147\220}{section.2}% 5
\BOOKMARK [2][]{subsection.2.2}{\376\377\0002\000.\0002\000\040\225\356\230\230\116\214\166\204\122\006\147\220}{section.2}% 6
\BOOKMARK [2][]{subsection.2.3}{\376\377\0002\000.\0003\000\040\225\356\230\230\116\011\166\204\122\006\147\220}{section.2}% 7
\BOOKMARK [2][]{subsection.2.4}{\376\377\0002\000.\0004\000\040\225\356\230\230\126\333\166\204\122\006\147\220}{section.2}% 8
\BOOKMARK [1][]{section.3}{\376\377\116\011\060\001\000\040\152\041\127\213\120\107\213\276}{}% 9
\BOOKMARK [2][]{subsection.3.1}{\376\377\0003\000.\0001\000\040\120\107\213\276\155\167\127\337\116\012\145\340\230\316\155\152}{section.3}% 10
\BOOKMARK [2][]{subsection.3.2}{\376\377\0003\000.\0002\000\040\120\107\213\276\155\167\127\337\137\000\226\024}{section.3}% 11
\BOOKMARK [1][]{section.4}{\376\377\126\333\060\001\000\040\173\046\123\367\213\364\146\016}{}% 12
\BOOKMARK [1][]{section.5}{\376\377\116\224\060\001\000\040\152\041\127\213\166\204\136\372\172\313\124\214\154\102\211\343}{}% 13
\BOOKMARK [2][]{subsection.5.1}{\376\377\0005\000.\0001\000\040\121\154\137\017\174\230\215\064}{section.5}% 14
\BOOKMARK [2][]{subsection.5.2}{\376\377\0005\000.\0002\000\040\225\356\230\230\116\000\377\032\131\032\154\342\147\137\155\113\155\361\166\204\211\206\166\326\133\275\136\246\123\312\166\370\220\273\147\141\136\046\116\113\225\364\221\315\123\340\163\207\166\204\145\160\133\146\152\041\127\213}{section.5}% 15
\BOOKMARK [3][]{subsubsection.5.2.1}{\376\377\0005\000.\0002\000.\0001\000\040\215\335\171\273\155\167\127\337\116\055\137\303\160\271\116\015\124\014\215\335\171\273\116\016\155\167\154\064\155\361\136\246\166\204\210\150\217\276\137\017\166\204\136\372\172\313}{subsection.5.2}% 16
\BOOKMARK [3][]{subsubsection.5.2.2}{\376\377\0005\000.\0002\000.\0002\000\040\211\206\166\326\133\275\136\246\152\041\127\213\123\312\166\370\220\273\147\141\136\046\116\113\225\364\221\315\123\340\163\207\152\041\127\213\166\204\136\372\172\313}{subsection.5.2}% 17
\BOOKMARK [3][]{subsubsection.5.2.3}{\376\377\0005\000.\0002\000.\0003\000\040\211\206\166\326\133\275\136\246\152\041\127\213\123\312\166\370\220\273\147\141\136\046\116\113\225\364\221\315\123\340\163\207\152\041\127\213\166\204\154\102\211\343}{subsection.5.2}% 18
\BOOKMARK [2][]{subsection.5.3}{\376\377\0005\000.\0003\000\040\225\356\230\230\116\214\377\032\133\371\116\015\124\014\145\271\124\021\155\113\176\277\136\372\172\313\211\206\166\326\133\275\136\246\123\312\221\315\123\340\163\207\166\204\145\160\133\146\152\041\127\213}{section.5}% 19
\BOOKMARK [3][]{subsubsection.5.3.1}{\376\377\0005\000.\0003\000.\0001\000\040\155\113\176\277\127\202\166\364\142\225\137\161\116\016\155\167\136\225\116\244\176\277\166\204\120\076\211\322\154\102\123\326}{subsection.5.3}% 20
\BOOKMARK [3][]{subsubsection.5.3.2}{\376\377\0005\000.\0003\000.\0002\000\040\116\343\121\145\225\356\230\230\116\000\166\204\211\206\166\326\133\275\136\246\123\312\221\315\123\340\163\207\166\204\145\160\133\146\152\041\127\213\152\041\127\213\136\166\154\102\211\343}{subsection.5.3}% 21
\BOOKMARK [2][]{subsection.5.4}{\376\377\0005\000.\0004\000\040\225\356\230\230\116\011\377\032}{section.5}% 22
\BOOKMARK [2][]{subsection.5.5}{\376\377\0005\000.\0005\000\040\225\356\230\230\126\333\377\032}{section.5}% 23
\BOOKMARK [1][]{section.6}{\376\377\121\155\060\001\000\040\152\041\127\213\166\204\122\006\147\220\116\016\150\300\232\214}{}% 24
\BOOKMARK [1][]{section.7}{\376\377\116\003\060\001\000\040\152\041\127\213\166\204\213\304\116\367\060\001\145\071\217\333\124\214\143\250\136\177}{}% 25
\BOOKMARK [2][]{subsection.7.1}{\376\377\0007\000.\0001\000\040\152\041\127\213\166\204\117\030\160\271}{section.7}% 26
\BOOKMARK [2][]{subsection.7.2}{\376\377\0007\000.\0002\000\040\152\041\127\213\166\204\177\072\160\271}{section.7}% 27
\BOOKMARK [2][]{subsection.7.3}{\376\377\0007\000.\0003\000\040\152\041\127\213\166\204\143\250\136\177}{section.7}% 28
\BOOKMARK [1][]{section.8}{\376\377\121\153\060\001\000\040\123\302\200\003\145\207\163\056}{}% 29
\BOOKMARK [1][]{section.9}{\376\377\116\135\060\001\000\040\126\376\162\107}{}% 30
\BOOKMARK [1][]{section.10}{\376\377\123\101\060\001\000\040\173\046\123\367\213\364\146\016}{}% 31
\BOOKMARK [1][]{section.11}{\376\377\123\101\116\000\060\001\000\040\176\330\122\066\146\156\220\032\116\011\176\277\210\150\150\074}{}% 32
\BOOKMARK [1][]{section.12}{\376\377\123\101\116\214\060\001\000\040\121\154\137\017}{}% 33
\BOOKMARK [1][]{section.13}{\376\377\123\101\116\011\060\001\000\040\121\166\133\203\134\017\122\237\200\375}{}% 34
\BOOKMARK [2][]{subsection.13.1}{\376\377\0001\0003\000.\0001\000\040\201\032\154\350}{section.13}% 35
\BOOKMARK [2][]{subsection.13.2}{\376\377\0001\0003\000.\0002\000\040\145\340\136\217\122\027\210\150\116\016\147\011\136\217\122\027\210\150}{section.13}% 36
\BOOKMARK [2][]{subsection.13.3}{\376\377\0001\0003\000.\0003\000\040\133\127\117\123\122\240\174\227\116\016\145\234\117\123}{section.13}% 37
\BOOKMARK [1][]{section.14}{\376\377\123\101\126\333\060\001\000\040\123\302\200\003\145\207\163\056\116\016\137\025\165\050}{}% 38
\BOOKMARK [1][]{section*.8}{\376\377\123\302\200\003\145\207\163\056}{}% 39
\BOOKMARK [1][]{appendix.a.A}{\376\377\226\104\137\125\000\040\000A\000\040\152\041\147\177\142\100\165\050\166\204\133\217\123\005}{}% 40
\BOOKMARK [1][]{appendix.a.B}{\376\377\226\104\137\125\000\040\000B\000\040\143\222\226\037\173\227\154\325\040\023\000m\000a\000t\000l\000a\000b\000\040\156\220\172\013\136\217}{}% 41
\BOOKMARK [1][]{appendix.a.C}{\376\377\226\104\137\125\000\040\000C\000\040\211\304\122\022\211\343\121\263\172\013\136\217\040\023\000l\000i\000n\000g\000o\156\220\116\343\170\001}{}% 42
